# JRE version: Java(TM) SE Runtime Environment (19.0.1+10) (build 19.0.1+10-21)
# Java VM: Java HotSpot(TM) 64-Bit Server VM (19.0.1+10-21, mixed mode, sharing, tiered, compressed oops, compressed class ptrs, g1 gc, windows-amd64)
GC Precious Log:
 CardTable entry size: 512
 Card Set container configuration: InlinePtr #cards 5 size 8 Array Of Cards #cards 12 size 40 Howl #buckets 4 coarsen threshold 1843 Howl Bitmap #cards 512 size 80 coarsen threshold 460 Card regions per heap region 1 cards per card region 2048
 CPUs: 2 total, 2 available
 Memory: 3918M
 Large Page Support: Disabled
 NUMA Support: Disabled
 Compressed Oops: Enabled (32-bit)
 Heap Region Size: 1M
 Heap Min Capacity: 8M
 Heap Initial Capacity: 62M
 Heap Max Capacity: 980M
 Pre-touch: Disabled
 Parallel Workers: 2
 Concurrent Workers: 1
 Concurrent Refinement Workers: 2
 Periodic GC: Disabled
Heap:
 garbage-first heap   total 45056K, used 25825K [0x00000000c2c00000, 0x0000000100000000)
  region size 1024K, 8 young (8192K), 3 survivors (3072K)
 Metaspace       used 41377K, committed 41856K, reserved 1114112K
  class space    used 5221K, committed 5440K, reserved 1048576K
GC Heap History (20 events):
Event: 4.948 GC heap before
{Heap before GC invocations=4 (full 0):
 garbage-first heap   total 63488K, used 37608K [0x00000000c2c00000, 0x0000000100000000)
  region size 1024K, 32 young (32768K), 2 survivors (2048K)
 Metaspace       used 15269K, committed 15552K, reserved 1114112K
  class space    used 1918K, committed 2048K, reserved 1048576K
}
Event: 4.962 GC heap after
{Heap after GC invocations=5 (full 0):
 garbage-first heap   total 63488K, used 10061K [0x00000000c2c00000, 0x0000000100000000)
  region size 1024K, 4 young (4096K), 4 survivors (4096K)
 Metaspace       used 15269K, committed 15552K, reserved 1114112K
  class space    used 1918K, committed 2048K, reserved 1048576K
}
Event: 6.942 GC heap before
{Heap before GC invocations=5 (full 0):
 garbage-first heap   total 63488K, used 40781K [0x00000000c2c00000, 0x0000000100000000)
  region size 1024K, 35 young (35840K), 4 survivors (4096K)
 Metaspace       used 20682K, committed 20992K, reserved 1114112K
  class space    used 2486K, committed 2624K, reserved 1048576K
}
Event: 6.957 GC heap after
{Heap after GC invocations=6 (full 0):
 garbage-first heap   total 63488K, used 12002K [0x00000000c2c00000, 0x0000000100000000)
  region size 1024K, 4 young (4096K), 4 survivors (4096K)
 Metaspace       used 20682K, committed 20992K, reserved 1114112K
  class space    used 2486K, committed 2624K, reserved 1048576K
}
Event: 7.143 GC heap before
{Heap before GC invocations=6 (full 0):
 garbage-first heap   total 63488K, used 15074K [0x00000000c2c00000, 0x0000000100000000)
  region size 1024K, 8 young (8192K), 4 survivors (4096K)
 Metaspace       used 21277K, committed 21504K, reserved 1114112K
  class space    used 2558K, committed 2688K, reserved 1048576K
}
Event: 7.153 GC heap after
{Heap after GC invocations=7 (full 0):
 garbage-first heap   total 63488K, used 11973K [0x00000000c2c00000, 0x0000000100000000)
  region size 1024K, 2 young (2048K), 2 survivors (2048K)
 Metaspace       used 21277K, committed 21504K, reserved 1114112K
  class space    used 2558K, committed 2688K, reserved 1048576K
}
Event: 9.658 GC heap before
{Heap before GC invocations=8 (full 0):
 garbage-first heap   total 45056K, used 35525K [0x00000000c2c00000, 0x0000000100000000)
  region size 1024K, 26 young (26624K), 2 survivors (2048K)
 Metaspace       used 26460K, committed 26816K, reserved 1114112K
  class space    used 3247K, committed 3392K, reserved 1048576K
}
Event: 9.672 GC heap after
{Heap after GC invocations=9 (full 0):
 garbage-first heap   total 45056K, used 14381K [0x00000000c2c00000, 0x0000000100000000)
  region size 1024K, 4 young (4096K), 4 survivors (4096K)
 Metaspace       used 26460K, committed 26816K, reserved 1114112K
  class space    used 3247K, committed 3392K, reserved 1048576K
}
Event: 9.717 GC heap before
{Heap before GC invocations=9 (full 0):
 garbage-first heap   total 45056K, used 15405K [0x00000000c2c00000, 0x0000000100000000)
  region size 1024K, 5 young (5120K), 4 survivors (4096K)
 Metaspace       used 26870K, committed 27200K, reserved 1114112K
  class space    used 3294K, committed 3456K, reserved 1048576K
}
Event: 9.729 GC heap after
{Heap after GC invocations=10 (full 0):
 garbage-first heap   total 45056K, used 14958K [0x00000000c2c00000, 0x0000000100000000)
  region size 1024K, 1 young (1024K), 1 survivors (1024K)
 Metaspace       used 26870K, committed 27200K, reserved 1114112K
  class space    used 3294K, committed 3456K, reserved 1048576K
}
Event: 11.055 GC heap before
{Heap before GC invocations=10 (full 0):
 garbage-first heap   total 45056K, used 31342K [0x00000000c2c00000, 0x0000000100000000)
  region size 1024K, 18 young (18432K), 1 survivors (1024K)
 Metaspace       used 29594K, committed 29952K, reserved 1114112K
  class space    used 3693K, committed 3840K, reserved 1048576K
}
Event: 11.062 GC heap after
{Heap after GC invocations=11 (full 0):
 garbage-first heap   total 45056K, used 15847K [0x00000000c2c00000, 0x0000000100000000)
  region size 1024K, 2 young (2048K), 2 survivors (2048K)
 Metaspace       used 29594K, committed 29952K, reserved 1114112K
  class space    used 3693K, committed 3840K, reserved 1048576K
}
Event: 13.229 GC heap before
{Heap before GC invocations=11 (full 0):
 garbage-first heap   total 45056K, used 33255K [0x00000000c2c00000, 0x0000000100000000)
  region size 1024K, 19 young (19456K), 2 survivors (2048K)
 Metaspace       used 32901K, committed 33280K, reserved 1114112K
  class space    used 4135K, committed 4288K, reserved 1048576K
}
Event: 13.236 GC heap after
{Heap after GC invocations=12 (full 0):
 garbage-first heap   total 45056K, used 17018K [0x00000000c2c00000, 0x0000000100000000)
  region size 1024K, 3 young (3072K), 3 survivors (3072K)
 Metaspace       used 32901K, committed 33280K, reserved 1114112K
  class space    used 4135K, committed 4288K, reserved 1048576K
}
Event: 15.952 GC heap before
{Heap before GC invocations=12 (full 0):
 garbage-first heap   total 45056K, used 33402K [0x00000000c2c00000, 0x0000000100000000)
  region size 1024K, 19 young (19456K), 3 survivors (3072K)
 Metaspace       used 35256K, committed 35712K, reserved 1114112K
  class space    used 4452K, committed 4672K, reserved 1048576K
}
Event: 15.963 GC heap after
{Heap after GC invocations=13 (full 0):
 garbage-first heap   total 45056K, used 18823K [0x00000000c2c00000, 0x0000000100000000)
  region size 1024K, 3 young (3072K), 3 survivors (3072K)
 Metaspace       used 35256K, committed 35712K, reserved 1114112K
  class space    used 4452K, committed 4672K, reserved 1048576K
}
Event: 16.217 GC heap before
{Heap before GC invocations=13 (full 0):
 garbage-first heap   total 45056K, used 21895K [0x00000000c2c00000, 0x0000000100000000)
  region size 1024K, 7 young (7168K), 3 survivors (3072K)
 Metaspace       used 35680K, committed 36096K, reserved 1114112K
  class space    used 4516K, committed 4736K, reserved 1048576K
}
Event: 16.226 GC heap after
{Heap after GC invocations=14 (full 0):
 garbage-first heap   total 45056K, used 19086K [0x00000000c2c00000, 0x0000000100000000)
  region size 1024K, 2 young (2048K), 2 survivors (2048K)
 Metaspace       used 35680K, committed 36096K, reserved 1114112K
  class space    used 4516K, committed 4736K, reserved 1048576K
}
Event: 18.164 GC heap before
{Heap before GC invocations=15 (full 0):
 garbage-first heap   total 45056K, used 33422K [0x00000000c2c00000, 0x0000000100000000)
  region size 1024K, 17 young (17408K), 2 survivors (2048K)
 Metaspace       used 40088K, committed 40576K, reserved 1114112K
  class space    used 5034K, committed 5312K, reserved 1048576K
}
Event: 18.176 GC heap after
{Heap after GC invocations=16 (full 0):
 garbage-first heap   total 45056K, used 21729K [0x00000000c2c00000, 0x0000000100000000)
  region size 1024K, 3 young (3072K), 3 survivors (3072K)
 Metaspace       used 40088K, committed 40576K, reserved 1114112K
  class space    used 5034K, committed 5312K, reserved 1048576K
}

